2026-01-22 10:52:45,361 INFO  org.mongodb.driver.cluster - Exception in monitor thread while connecting to server ac-mto6peo-shard-00-01.ckhiadq.mongodb.net:27017
com.mongodb.MongoSocketReadTimeoutException: Timeout while receiving message
	at com.mongodb.internal.connection.InternalStreamConnection.createReadTimeoutException(InternalStreamConnection.java:819)
	at com.mongodb.internal.connection.InternalStreamConnection.translateReadException(InternalStreamConnection.java:807)
	at com.mongodb.internal.connection.InternalStreamConnection.receiveResponseBuffers(InternalStreamConnection.java:857)
	at com.mongodb.internal.connection.InternalStreamConnection.receiveCommandMessageResponse(InternalStreamConnection.java:517)
	at com.mongodb.internal.connection.InternalStreamConnection.receive(InternalStreamConnection.java:469)
	at com.mongodb.internal.connection.DefaultServerMonitor$ServerMonitor.lookupServerDescription(DefaultServerMonitor.java:249)
	at com.mongodb.internal.connection.DefaultServerMonitor$ServerMonitor.run(DefaultServerMonitor.java:176)
Caused by: java.net.SocketTimeoutException: Read timed out
	at java.base/sun.nio.ch.NioSocketImpl.timedRead(NioSocketImpl.java:277)
	at java.base/sun.nio.ch.NioSocketImpl.implRead(NioSocketImpl.java:302)
	at java.base/sun.nio.ch.NioSocketImpl.read(NioSocketImpl.java:354)
	at java.base/sun.nio.ch.NioSocketImpl$1.read(NioSocketImpl.java:798)
	at java.base/java.net.Socket$SocketInputStream.implRead(Socket.java:974)
	at java.base/java.net.Socket$SocketInputStream.read(Socket.java:964)
	at java.base/sun.security.ssl.SSLSocketInputRecord.read(SSLSocketInputRecord.java:489)
	at java.base/sun.security.ssl.SSLSocketInputRecord.readHeader(SSLSocketInputRecord.java:483)
	at java.base/sun.security.ssl.SSLSocketInputRecord.bytesInCompletePacket(SSLSocketInputRecord.java:70)
	at java.base/sun.security.ssl.SSLSocketImpl.readApplicationRecord(SSLSocketImpl.java:1461)
	at java.base/sun.security.ssl.SSLSocketImpl$AppInputStream.read(SSLSocketImpl.java:1068)
	at com.mongodb.internal.connection.SocketStream.read(SocketStream.java:182)
	at com.mongodb.internal.connection.InternalStreamConnection.receiveResponseBuffers(InternalStreamConnection.java:824)
	... 4 common frames omitted
2026-01-22 10:52:45,376 INFO  org.mongodb.driver.cluster - Exception in monitor thread while connecting to server ac-mto6peo-shard-00-02.ckhiadq.mongodb.net:27017
com.mongodb.MongoSocketReadTimeoutException: Timeout while receiving message
	at com.mongodb.internal.connection.InternalStreamConnection.createReadTimeoutException(InternalStreamConnection.java:819)
	at com.mongodb.internal.connection.InternalStreamConnection.translateReadException(InternalStreamConnection.java:807)
	at com.mongodb.internal.connection.InternalStreamConnection.receiveResponseBuffers(InternalStreamConnection.java:857)
	at com.mongodb.internal.connection.InternalStreamConnection.receiveCommandMessageResponse(InternalStreamConnection.java:517)
	at com.mongodb.internal.connection.InternalStreamConnection.receive(InternalStreamConnection.java:469)
	at com.mongodb.internal.connection.DefaultServerMonitor$ServerMonitor.lookupServerDescription(DefaultServerMonitor.java:249)
	at com.mongodb.internal.connection.DefaultServerMonitor$ServerMonitor.run(DefaultServerMonitor.java:176)
Caused by: java.net.SocketTimeoutException: Read timed out
	at java.base/sun.nio.ch.NioSocketImpl.timedRead(NioSocketImpl.java:277)
	at java.base/sun.nio.ch.NioSocketImpl.implRead(NioSocketImpl.java:302)
	at java.base/sun.nio.ch.NioSocketImpl.read(NioSocketImpl.java:354)
	at java.base/sun.nio.ch.NioSocketImpl$1.read(NioSocketImpl.java:798)
	at java.base/java.net.Socket$SocketInputStream.implRead(Socket.java:974)
	at java.base/java.net.Socket$SocketInputStream.read(Socket.java:964)
	at java.base/sun.security.ssl.SSLSocketInputRecord.read(SSLSocketInputRecord.java:489)
	at java.base/sun.security.ssl.SSLSocketInputRecord.readHeader(SSLSocketInputRecord.java:483)
	at java.base/sun.security.ssl.SSLSocketInputRecord.bytesInCompletePacket(SSLSocketInputRecord.java:70)
	at java.base/sun.security.ssl.SSLSocketImpl.readApplicationRecord(SSLSocketImpl.java:1461)
	at java.base/sun.security.ssl.SSLSocketImpl$AppInputStream.read(SSLSocketImpl.java:1068)
	at com.mongodb.internal.connection.SocketStream.read(SocketStream.java:182)
	at com.mongodb.internal.connection.InternalStreamConnection.receiveResponseBuffers(InternalStreamConnection.java:824)
	... 4 common frames omitted
2026-01-22 10:52:45,345 INFO  org.mongodb.driver.cluster - Exception in monitor thread while connecting to server ac-mto6peo-shard-00-00.ckhiadq.mongodb.net:27017
com.mongodb.MongoSocketReadTimeoutException: Timeout while receiving message
	at com.mongodb.internal.connection.InternalStreamConnection.createReadTimeoutException(InternalStreamConnection.java:819)
	at com.mongodb.internal.connection.InternalStreamConnection.translateReadException(InternalStreamConnection.java:807)
	at com.mongodb.internal.connection.InternalStreamConnection.receiveResponseBuffers(InternalStreamConnection.java:857)
	at com.mongodb.internal.connection.InternalStreamConnection.receiveCommandMessageResponse(InternalStreamConnection.java:517)
	at com.mongodb.internal.connection.InternalStreamConnection.receive(InternalStreamConnection.java:469)
	at com.mongodb.internal.connection.DefaultServerMonitor$ServerMonitor.lookupServerDescription(DefaultServerMonitor.java:249)
	at com.mongodb.internal.connection.DefaultServerMonitor$ServerMonitor.run(DefaultServerMonitor.java:176)
Caused by: java.net.SocketTimeoutException: Read timed out
	at java.base/sun.nio.ch.NioSocketImpl.timedRead(NioSocketImpl.java:277)
	at java.base/sun.nio.ch.NioSocketImpl.implRead(NioSocketImpl.java:302)
	at java.base/sun.nio.ch.NioSocketImpl.read(NioSocketImpl.java:354)
	at java.base/sun.nio.ch.NioSocketImpl$1.read(NioSocketImpl.java:798)
	at java.base/java.net.Socket$SocketInputStream.implRead(Socket.java:974)
	at java.base/java.net.Socket$SocketInputStream.read(Socket.java:964)
	at java.base/sun.security.ssl.SSLSocketInputRecord.read(SSLSocketInputRecord.java:489)
	at java.base/sun.security.ssl.SSLSocketInputRecord.readHeader(SSLSocketInputRecord.java:483)
	at java.base/sun.security.ssl.SSLSocketInputRecord.bytesInCompletePacket(SSLSocketInputRecord.java:70)
	at java.base/sun.security.ssl.SSLSocketImpl.readApplicationRecord(SSLSocketImpl.java:1461)
	at java.base/sun.security.ssl.SSLSocketImpl$AppInputStream.read(SSLSocketImpl.java:1068)
	at com.mongodb.internal.connection.SocketStream.read(SocketStream.java:182)
	at com.mongodb.internal.connection.InternalStreamConnection.receiveResponseBuffers(InternalStreamConnection.java:824)
	... 4 common frames omitted
2026-01-22 10:52:46,526 INFO  org.mongodb.driver.cluster - Monitor thread successfully connected to server with description ServerDescription{address=ac-mto6peo-shard-00-00.ckhiadq.mongodb.net:27017, type=REPLICA_SET_SECONDARY, cryptd=false, state=CONNECTED, ok=true, minWireVersion=0, maxWireVersion=25, maxDocumentSize=16777216, logicalSessionTimeoutMinutes=30, roundTripTimeNanos=386839600, minRoundTripTimeNanos=0, setName='atlas-103mj8-shard-0', canonicalAddress=ac-mto6peo-shard-00-00.ckhiadq.mongodb.net:27017, hosts=[ac-mto6peo-shard-00-01.ckhiadq.mongodb.net:27017, ac-mto6peo-shard-00-02.ckhiadq.mongodb.net:27017, ac-mto6peo-shard-00-00.ckhiadq.mongodb.net:27017], passives=[], arbiters=[], primary='ac-mto6peo-shard-00-01.ckhiadq.mongodb.net:27017', tagSet=TagSet{[Tag{name='availabilityZone', value='asia-south1-a'}, Tag{name='diskState', value='READY'}, Tag{name='nodeType', value='ELECTABLE'}, Tag{name='provider', value='GCP'}, Tag{name='region', value='ASIA_SOUTH_1'}, Tag{name='workloadType', value='OPERATIONAL'}]}, electionId=null, setVersion=12, topologyVersion=TopologyVersion{processId=696670d8a781c891daa29c18, counter=4}, lastWriteDate=Thu Jan 22 10:52:46 IST 2026, lastUpdateTimeNanos=239650046366800}
2026-01-22 10:52:46,712 INFO  org.mongodb.driver.cluster - Monitor thread successfully connected to server with description ServerDescription{address=ac-mto6peo-shard-00-01.ckhiadq.mongodb.net:27017, type=REPLICA_SET_PRIMARY, cryptd=false, state=CONNECTED, ok=true, minWireVersion=0, maxWireVersion=25, maxDocumentSize=16777216, logicalSessionTimeoutMinutes=30, roundTripTimeNanos=574666000, minRoundTripTimeNanos=0, setName='atlas-103mj8-shard-0', canonicalAddress=ac-mto6peo-shard-00-01.ckhiadq.mongodb.net:27017, hosts=[ac-mto6peo-shard-00-01.ckhiadq.mongodb.net:27017, ac-mto6peo-shard-00-02.ckhiadq.mongodb.net:27017, ac-mto6peo-shard-00-00.ckhiadq.mongodb.net:27017], passives=[], arbiters=[], primary='ac-mto6peo-shard-00-01.ckhiadq.mongodb.net:27017', tagSet=TagSet{[Tag{name='availabilityZone', value='asia-south1-b'}, Tag{name='diskState', value='READY'}, Tag{name='nodeType', value='ELECTABLE'}, Tag{name='provider', value='GCP'}, Tag{name='region', value='ASIA_SOUTH_1'}, Tag{name='workloadType', value='OPERATIONAL'}]}, electionId=7fffffff00000000000000e9, setVersion=12, topologyVersion=TopologyVersion{processId=6966746dcb118046d46d74c6, counter=6}, lastWriteDate=Thu Jan 22 10:52:46 IST 2026, lastUpdateTimeNanos=239650234196100}
2026-01-22 10:52:46,714 INFO  org.mongodb.driver.cluster - Discovered replica set primary ac-mto6peo-shard-00-01.ckhiadq.mongodb.net:27017 with max election id 7fffffff00000000000000e9 and max set version 12
2026-01-22 10:52:47,530 INFO  org.mongodb.driver.cluster - Monitor thread successfully connected to server with description ServerDescription{address=ac-mto6peo-shard-00-02.ckhiadq.mongodb.net:27017, type=REPLICA_SET_SECONDARY, cryptd=false, state=CONNECTED, ok=true, minWireVersion=0, maxWireVersion=25, maxDocumentSize=16777216, logicalSessionTimeoutMinutes=30, roundTripTimeNanos=353658600, minRoundTripTimeNanos=0, setName='atlas-103mj8-shard-0', canonicalAddress=ac-mto6peo-shard-00-02.ckhiadq.mongodb.net:27017, hosts=[ac-mto6peo-shard-00-01.ckhiadq.mongodb.net:27017, ac-mto6peo-shard-00-02.ckhiadq.mongodb.net:27017, ac-mto6peo-shard-00-00.ckhiadq.mongodb.net:27017], passives=[], arbiters=[], primary='ac-mto6peo-shard-00-01.ckhiadq.mongodb.net:27017', tagSet=TagSet{[Tag{name='availabilityZone', value='asia-south1-c'}, Tag{name='diskState', value='READY'}, Tag{name='nodeType', value='ELECTABLE'}, Tag{name='provider', value='GCP'}, Tag{name='region', value='ASIA_SOUTH_1'}, Tag{name='workloadType', value='OPERATIONAL'}]}, electionId=null, setVersion=12, topologyVersion=TopologyVersion{processId=6966771742ee1e3bd6697394, counter=3}, lastWriteDate=Thu Jan 22 10:52:47 IST 2026, lastUpdateTimeNanos=239651052331600}
2026-01-22 10:53:05,526 INFO  org.springframework.boot.web.embedded.tomcat.GracefulShutdown - Commencing graceful shutdown. Waiting for active requests to complete
2026-01-22 10:53:05,561 INFO  org.springframework.boot.web.embedded.tomcat.GracefulShutdown - Graceful shutdown complete
2026-01-22 10:58:45,210 INFO  org.hibernate.validator.internal.util.Version - HV000001: Hibernate Validator 8.0.3.Final
2026-01-22 10:58:45,334 INFO  com.example.level2.JournalApplication - Starting JournalApplication using Java 25 with PID 20932 (C:\Users\ABHISHEK KUMAR\Downloads\level2\Level2\target\classes started by ABHISHEK KUMAR in C:\Users\ABHISHEK KUMAR\Downloads\level2)
2026-01-22 10:58:45,335 INFO  com.example.level2.JournalApplication - No active profile set, falling back to 1 default profile: "default"
2026-01-22 10:58:47,433 INFO  org.springframework.data.repository.config.RepositoryConfigurationDelegate - Bootstrapping Spring Data MongoDB repositories in DEFAULT mode.
2026-01-22 10:58:47,611 INFO  org.springframework.data.repository.config.RepositoryConfigurationDelegate - Finished Spring Data repository scanning in 162 ms. Found 2 MongoDB repository interfaces.
2026-01-22 10:58:50,024 INFO  org.springframework.boot.web.embedded.tomcat.TomcatWebServer - Tomcat initialized with port 8080 (http)
2026-01-22 10:58:50,049 INFO  org.apache.coyote.http11.Http11NioProtocol - Initializing ProtocolHandler ["http-nio-8080"]
2026-01-22 10:58:50,053 INFO  org.apache.catalina.core.StandardService - Starting service [Tomcat]
2026-01-22 10:58:50,053 INFO  org.apache.catalina.core.StandardEngine - Starting Servlet engine: [Apache Tomcat/10.1.49]
2026-01-22 10:58:50,165 INFO  org.apache.catalina.core.ContainerBase.[Tomcat].[localhost].[/] - Initializing Spring embedded WebApplicationContext
2026-01-22 10:58:50,166 INFO  org.springframework.boot.web.servlet.context.ServletWebServerApplicationContext - Root WebApplicationContext: initialization completed in 4712 ms
2026-01-22 10:58:50,722 INFO  org.mongodb.driver.client - MongoClient with metadata {"application": {"name": "Journal"}, "driver": {"name": "mongo-java-driver|sync|spring-boot", "version": "5.5.2"}, "os": {"type": "Windows", "name": "Windows 11", "architecture": "amd64", "version": "10.0"}, "platform": "Java/Eclipse Adoptium/25+36-LTS"} created with settings MongoClientSettings{readPreference=primary, writeConcern=WriteConcern{w=null, wTimeout=null ms, journal=null}, retryWrites=true, retryReads=true, readConcern=ReadConcern{level=null}, credential=MongoCredential{mechanism=null, userName='admin', source='admin', password=<hidden>, mechanismProperties=<hidden>}, transportSettings=null, commandListeners=[], codecRegistry=ProvidersCodecRegistry{codecProviders=[ValueCodecProvider{}, BsonValueCodecProvider{}, DBRefCodecProvider{}, DBObjectCodecProvider{}, DocumentCodecProvider{}, CollectionCodecProvider{}, IterableCodecProvider{}, MapCodecProvider{}, GeoJsonCodecProvider{}, GridFSFileCodecProvider{}, Jsr310CodecProvider{}, JsonObjectCodecProvider{}, BsonCodecProvider{}, EnumCodecProvider{}, com.mongodb.client.model.mql.ExpressionCodecProvider@697a0948, com.mongodb.Jep395RecordCodecProvider@7cf63b9a, com.mongodb.KotlinCodecProvider@4776e209]}, loggerSettings=LoggerSettings{maxDocumentLength=1000}, clusterSettings={hosts=[127.0.0.1:27017], srvHost=journal.ckhiadq.mongodb.net, srvServiceName=mongodb, mode=MULTIPLE, requiredClusterType=REPLICA_SET, requiredReplicaSetName='atlas-103mj8-shard-0', serverSelector='null', clusterListeners='[]', serverSelectionTimeout='30000 ms', localThreshold='15 ms'}, socketSettings=SocketSettings{connectTimeoutMS=10000, readTimeoutMS=0, receiveBufferSize=0, proxySettings=ProxySettings{host=null, port=null, username=null, password=null}}, heartbeatSocketSettings=SocketSettings{connectTimeoutMS=10000, readTimeoutMS=10000, receiveBufferSize=0, proxySettings=ProxySettings{host=null, port=null, username=null, password=null}}, connectionPoolSettings=ConnectionPoolSettings{maxSize=100, minSize=0, maxWaitTimeMS=120000, maxConnectionLifeTimeMS=0, maxConnectionIdleTimeMS=0, maintenanceInitialDelayMS=0, maintenanceFrequencyMS=60000, connectionPoolListeners=[], maxConnecting=2}, serverSettings=ServerSettings{heartbeatFrequencyMS=10000, minHeartbeatFrequencyMS=500, serverMonitoringMode=AUTO, serverListeners='[]', serverMonitorListeners='[]'}, sslSettings=SslSettings{enabled=true, invalidHostNameAllowed=false, context=null}, applicationName='Journal', compressorList=[], uuidRepresentation=JAVA_LEGACY, serverApi=null, autoEncryptionSettings=null, dnsClient=null, inetAddressResolver=null, contextProvider=null, timeoutMS=null}
2026-01-22 10:58:50,779 INFO  org.mongodb.driver.cluster - Adding discovered server ac-mto6peo-shard-00-01.ckhiadq.mongodb.net:27017 to client view of cluster
2026-01-22 10:58:50,816 INFO  org.mongodb.driver.cluster - Adding discovered server ac-mto6peo-shard-00-02.ckhiadq.mongodb.net:27017 to client view of cluster
2026-01-22 10:58:50,819 INFO  org.mongodb.driver.cluster - Adding discovered server ac-mto6peo-shard-00-00.ckhiadq.mongodb.net:27017 to client view of cluster
2026-01-22 10:58:51,250 INFO  org.mongodb.driver.cluster - Waiting for server to become available for operation with ID 5. Remaining time: 29982 ms. Selector: WritableServerSelector, topology description: {type=REPLICA_SET, servers=[{address=ac-mto6peo-shard-00-01.ckhiadq.mongodb.net:27017, type=UNKNOWN, state=CONNECTING}, {address=ac-mto6peo-shard-00-02.ckhiadq.mongodb.net:27017, type=UNKNOWN, state=CONNECTING}, {address=ac-mto6peo-shard-00-00.ckhiadq.mongodb.net:27017, type=UNKNOWN, state=CONNECTING}].
2026-01-22 10:58:51,909 INFO  org.mongodb.driver.cluster - Monitor thread successfully connected to server with description ServerDescription{address=ac-mto6peo-shard-00-00.ckhiadq.mongodb.net:27017, type=REPLICA_SET_SECONDARY, cryptd=false, state=CONNECTED, ok=true, minWireVersion=0, maxWireVersion=25, maxDocumentSize=16777216, logicalSessionTimeoutMinutes=30, roundTripTimeNanos=358155300, minRoundTripTimeNanos=0, setName='atlas-103mj8-shard-0', canonicalAddress=ac-mto6peo-shard-00-00.ckhiadq.mongodb.net:27017, hosts=[ac-mto6peo-shard-00-01.ckhiadq.mongodb.net:27017, ac-mto6peo-shard-00-02.ckhiadq.mongodb.net:27017, ac-mto6peo-shard-00-00.ckhiadq.mongodb.net:27017], passives=[], arbiters=[], primary='ac-mto6peo-shard-00-01.ckhiadq.mongodb.net:27017', tagSet=TagSet{[Tag{name='availabilityZone', value='asia-south1-a'}, Tag{name='diskState', value='READY'}, Tag{name='nodeType', value='ELECTABLE'}, Tag{name='provider', value='GCP'}, Tag{name='region', value='ASIA_SOUTH_1'}, Tag{name='workloadType', value='OPERATIONAL'}]}, electionId=null, setVersion=12, topologyVersion=TopologyVersion{processId=696670d8a781c891daa29c18, counter=4}, lastWriteDate=Thu Jan 22 10:58:51 IST 2026, lastUpdateTimeNanos=240015425612900}
2026-01-22 10:58:51,909 INFO  org.mongodb.driver.cluster - Monitor thread successfully connected to server with description ServerDescription{address=ac-mto6peo-shard-00-01.ckhiadq.mongodb.net:27017, type=REPLICA_SET_PRIMARY, cryptd=false, state=CONNECTED, ok=true, minWireVersion=0, maxWireVersion=25, maxDocumentSize=16777216, logicalSessionTimeoutMinutes=30, roundTripTimeNanos=506734600, minRoundTripTimeNanos=0, setName='atlas-103mj8-shard-0', canonicalAddress=ac-mto6peo-shard-00-01.ckhiadq.mongodb.net:27017, hosts=[ac-mto6peo-shard-00-01.ckhiadq.mongodb.net:27017, ac-mto6peo-shard-00-02.ckhiadq.mongodb.net:27017, ac-mto6peo-shard-00-00.ckhiadq.mongodb.net:27017], passives=[], arbiters=[], primary='ac-mto6peo-shard-00-01.ckhiadq.mongodb.net:27017', tagSet=TagSet{[Tag{name='availabilityZone', value='asia-south1-b'}, Tag{name='diskState', value='READY'}, Tag{name='nodeType', value='ELECTABLE'}, Tag{name='provider', value='GCP'}, Tag{name='region', value='ASIA_SOUTH_1'}, Tag{name='workloadType', value='OPERATIONAL'}]}, electionId=7fffffff00000000000000e9, setVersion=12, topologyVersion=TopologyVersion{processId=6966746dcb118046d46d74c6, counter=6}, lastWriteDate=Thu Jan 22 10:58:51 IST 2026, lastUpdateTimeNanos=240015425616700}
2026-01-22 10:58:51,914 INFO  org.mongodb.driver.cluster - Discovered replica set primary ac-mto6peo-shard-00-01.ckhiadq.mongodb.net:27017 with max election id 7fffffff00000000000000e9 and max set version 12
2026-01-22 10:58:52,725 INFO  org.mongodb.driver.cluster - Monitor thread successfully connected to server with description ServerDescription{address=ac-mto6peo-shard-00-02.ckhiadq.mongodb.net:27017, type=REPLICA_SET_SECONDARY, cryptd=false, state=CONNECTED, ok=true, minWireVersion=0, maxWireVersion=25, maxDocumentSize=16777216, logicalSessionTimeoutMinutes=30, roundTripTimeNanos=370794700, minRoundTripTimeNanos=0, setName='atlas-103mj8-shard-0', canonicalAddress=ac-mto6peo-shard-00-02.ckhiadq.mongodb.net:27017, hosts=[ac-mto6peo-shard-00-01.ckhiadq.mongodb.net:27017, ac-mto6peo-shard-00-02.ckhiadq.mongodb.net:27017, ac-mto6peo-shard-00-00.ckhiadq.mongodb.net:27017], passives=[], arbiters=[], primary='ac-mto6peo-shard-00-01.ckhiadq.mongodb.net:27017', tagSet=TagSet{[Tag{name='availabilityZone', value='asia-south1-c'}, Tag{name='diskState', value='READY'}, Tag{name='nodeType', value='ELECTABLE'}, Tag{name='provider', value='GCP'}, Tag{name='region', value='ASIA_SOUTH_1'}, Tag{name='workloadType', value='OPERATIONAL'}]}, electionId=null, setVersion=12, topologyVersion=TopologyVersion{processId=6966771742ee1e3bd6697394, counter=3}, lastWriteDate=Thu Jan 22 10:58:52 IST 2026, lastUpdateTimeNanos=240016246462800}
2026-01-22 10:58:53,588 INFO  org.springframework.security.config.annotation.authentication.configuration.InitializeUserDetailsBeanManagerConfigurer$InitializeUserDetailsManagerConfigurer - Global AuthenticationManager configured with UserDetailsService bean with name userDetailServicImp
2026-01-22 10:58:54,159 INFO  org.apache.coyote.http11.Http11NioProtocol - Starting ProtocolHandler ["http-nio-8080"]
2026-01-22 10:58:54,174 INFO  org.springframework.boot.web.embedded.tomcat.TomcatWebServer - Tomcat started on port 8080 (http) with context path '/'
2026-01-22 10:58:54,187 INFO  com.example.level2.JournalApplication - Started JournalApplication in 9.698 seconds (process running for 11.053)
2026-01-22 10:59:03,098 INFO  org.apache.catalina.core.ContainerBase.[Tomcat].[localhost].[/] - Initializing Spring DispatcherServlet 'dispatcherServlet'
2026-01-22 10:59:03,099 INFO  org.springframework.web.servlet.DispatcherServlet - Initializing Servlet 'dispatcherServlet'
2026-01-22 10:59:03,100 INFO  org.springframework.web.servlet.DispatcherServlet - Completed initialization in 1 ms
2026-01-22 10:59:08,844 INFO  com.example.level2.config.RequestLoggingFilter - REQUEST method=POST uri=/user/send status=200 time=5071ms
2026-01-22 10:59:33,734 INFO  com.example.level2.config.RequestLoggingFilter - REQUEST method=POST uri=/user/send status=400 time=38ms
2026-01-22 11:02:08,971 INFO  org.springframework.boot.web.embedded.tomcat.GracefulShutdown - Commencing graceful shutdown. Waiting for active requests to complete
2026-01-22 11:02:08,988 INFO  org.springframework.boot.web.embedded.tomcat.GracefulShutdown - Graceful shutdown complete
