2026-01-22 23:54:40,353 INFO  org.hibernate.validator.internal.util.Version - HV000001: Hibernate Validator 8.0.3.Final
2026-01-22 23:54:40,582 INFO  com.example.level2.JournalApplication - Starting JournalApplication using Java 25 with PID 21236 (C:\Users\ABHISHEK KUMAR\Downloads\level2\Level2\target\classes started by ABHISHEK KUMAR in C:\Users\ABHISHEK KUMAR\Downloads\level2)
2026-01-22 23:54:40,585 INFO  com.example.level2.JournalApplication - No active profile set, falling back to 1 default profile: "default"
2026-01-22 23:54:43,709 INFO  org.springframework.data.repository.config.RepositoryConfigurationDelegate - Multiple Spring Data modules found, entering strict repository configuration mode
2026-01-22 23:54:43,713 INFO  org.springframework.data.repository.config.RepositoryConfigurationDelegate - Bootstrapping Spring Data MongoDB repositories in DEFAULT mode.
2026-01-22 23:54:44,111 INFO  org.springframework.data.repository.config.RepositoryConfigurationDelegate - Finished Spring Data repository scanning in 382 ms. Found 2 MongoDB repository interfaces.
2026-01-22 23:54:44,160 INFO  org.springframework.data.repository.config.RepositoryConfigurationDelegate - Multiple Spring Data modules found, entering strict repository configuration mode
2026-01-22 23:54:44,163 INFO  org.springframework.data.repository.config.RepositoryConfigurationDelegate - Bootstrapping Spring Data Redis repositories in DEFAULT mode.
2026-01-22 23:54:44,217 INFO  org.springframework.data.repository.config.RepositoryConfigurationExtensionSupport - Spring Data Redis - Could not safely identify store assignment for repository candidate interface com.example.level2.repository.JournalRepo; If you want this repository to be a Redis repository, consider annotating your entities with one of these annotations: org.springframework.data.redis.core.RedisHash (preferred), or consider extending one of the following types with your repository: org.springframework.data.keyvalue.repository.KeyValueRepository
2026-01-22 23:54:44,218 INFO  org.springframework.data.repository.config.RepositoryConfigurationExtensionSupport - Spring Data Redis - Could not safely identify store assignment for repository candidate interface com.example.level2.repository.UserRepo; If you want this repository to be a Redis repository, consider annotating your entities with one of these annotations: org.springframework.data.redis.core.RedisHash (preferred), or consider extending one of the following types with your repository: org.springframework.data.keyvalue.repository.KeyValueRepository
2026-01-22 23:54:44,220 INFO  org.springframework.data.repository.config.RepositoryConfigurationDelegate - Finished Spring Data repository scanning in 33 ms. Found 0 Redis repository interfaces.
2026-01-22 23:54:45,894 INFO  org.springframework.boot.web.embedded.tomcat.TomcatWebServer - Tomcat initialized with port 8080 (http)
2026-01-22 23:54:45,958 INFO  org.apache.coyote.http11.Http11NioProtocol - Initializing ProtocolHandler ["http-nio-8080"]
2026-01-22 23:54:45,994 INFO  org.apache.catalina.core.StandardService - Starting service [Tomcat]
2026-01-22 23:54:45,995 INFO  org.apache.catalina.core.StandardEngine - Starting Servlet engine: [Apache Tomcat/10.1.49]
2026-01-22 23:54:46,223 INFO  org.apache.catalina.core.ContainerBase.[Tomcat].[localhost].[/] - Initializing Spring embedded WebApplicationContext
2026-01-22 23:54:46,225 INFO  org.springframework.boot.web.servlet.context.ServletWebServerApplicationContext - Root WebApplicationContext: initialization completed in 5480 ms
2026-01-22 23:54:47,151 INFO  org.mongodb.driver.client - MongoClient with metadata {"application": {"name": "Journal"}, "driver": {"name": "mongo-java-driver|sync|spring-boot", "version": "5.5.2"}, "os": {"type": "Windows", "name": "Windows 11", "architecture": "amd64", "version": "10.0"}, "platform": "Java/Eclipse Adoptium/25+36-LTS"} created with settings MongoClientSettings{readPreference=primary, writeConcern=WriteConcern{w=null, wTimeout=null ms, journal=null}, retryWrites=true, retryReads=true, readConcern=ReadConcern{level=null}, credential=MongoCredential{mechanism=null, userName='admin', source='admin', password=<hidden>, mechanismProperties=<hidden>}, transportSettings=null, commandListeners=[], codecRegistry=ProvidersCodecRegistry{codecProviders=[ValueCodecProvider{}, BsonValueCodecProvider{}, DBRefCodecProvider{}, DBObjectCodecProvider{}, DocumentCodecProvider{}, CollectionCodecProvider{}, IterableCodecProvider{}, MapCodecProvider{}, GeoJsonCodecProvider{}, GridFSFileCodecProvider{}, Jsr310CodecProvider{}, JsonObjectCodecProvider{}, BsonCodecProvider{}, EnumCodecProvider{}, com.mongodb.client.model.mql.ExpressionCodecProvider@1ea930eb, com.mongodb.Jep395RecordCodecProvider@2e0ad709, com.mongodb.KotlinCodecProvider@1fe8f5e8]}, loggerSettings=LoggerSettings{maxDocumentLength=1000}, clusterSettings={hosts=[127.0.0.1:27017], srvHost=journal.ckhiadq.mongodb.net, srvServiceName=mongodb, mode=MULTIPLE, requiredClusterType=REPLICA_SET, requiredReplicaSetName='atlas-103mj8-shard-0', serverSelector='null', clusterListeners='[]', serverSelectionTimeout='30000 ms', localThreshold='15 ms'}, socketSettings=SocketSettings{connectTimeoutMS=10000, readTimeoutMS=0, receiveBufferSize=0, proxySettings=ProxySettings{host=null, port=null, username=null, password=null}}, heartbeatSocketSettings=SocketSettings{connectTimeoutMS=10000, readTimeoutMS=10000, receiveBufferSize=0, proxySettings=ProxySettings{host=null, port=null, username=null, password=null}}, connectionPoolSettings=ConnectionPoolSettings{maxSize=100, minSize=0, maxWaitTimeMS=120000, maxConnectionLifeTimeMS=0, maxConnectionIdleTimeMS=0, maintenanceInitialDelayMS=0, maintenanceFrequencyMS=60000, connectionPoolListeners=[], maxConnecting=2}, serverSettings=ServerSettings{heartbeatFrequencyMS=10000, minHeartbeatFrequencyMS=500, serverMonitoringMode=AUTO, serverListeners='[]', serverMonitorListeners='[]'}, sslSettings=SslSettings{enabled=true, invalidHostNameAllowed=false, context=null}, applicationName='Journal', compressorList=[], uuidRepresentation=JAVA_LEGACY, serverApi=null, autoEncryptionSettings=null, dnsClient=null, inetAddressResolver=null, contextProvider=null, timeoutMS=null}
2026-01-22 23:54:47,162 INFO  org.mongodb.driver.cluster - Adding discovered server ac-mto6peo-shard-00-01.ckhiadq.mongodb.net:27017 to client view of cluster
2026-01-22 23:54:47,233 INFO  org.mongodb.driver.cluster - Adding discovered server ac-mto6peo-shard-00-02.ckhiadq.mongodb.net:27017 to client view of cluster
2026-01-22 23:54:47,240 INFO  org.mongodb.driver.cluster - Adding discovered server ac-mto6peo-shard-00-00.ckhiadq.mongodb.net:27017 to client view of cluster
2026-01-22 23:54:48,457 INFO  org.mongodb.driver.cluster - Waiting for server to become available for operation with ID 5. Remaining time: 29971 ms. Selector: WritableServerSelector, topology description: {type=REPLICA_SET, servers=[{address=ac-mto6peo-shard-00-01.ckhiadq.mongodb.net:27017, type=UNKNOWN, state=CONNECTING}, {address=ac-mto6peo-shard-00-02.ckhiadq.mongodb.net:27017, type=UNKNOWN, state=CONNECTING}, {address=ac-mto6peo-shard-00-00.ckhiadq.mongodb.net:27017, type=UNKNOWN, state=CONNECTING}].
2026-01-22 23:54:49,129 INFO  org.mongodb.driver.cluster - Monitor thread successfully connected to server with description ServerDescription{address=ac-mto6peo-shard-00-00.ckhiadq.mongodb.net:27017, type=REPLICA_SET_SECONDARY, cryptd=false, state=CONNECTED, ok=true, minWireVersion=0, maxWireVersion=25, maxDocumentSize=16777216, logicalSessionTimeoutMinutes=30, roundTripTimeNanos=1164397100, minRoundTripTimeNanos=0, setName='atlas-103mj8-shard-0', canonicalAddress=ac-mto6peo-shard-00-00.ckhiadq.mongodb.net:27017, hosts=[ac-mto6peo-shard-00-01.ckhiadq.mongodb.net:27017, ac-mto6peo-shard-00-02.ckhiadq.mongodb.net:27017, ac-mto6peo-shard-00-00.ckhiadq.mongodb.net:27017], passives=[], arbiters=[], primary='ac-mto6peo-shard-00-02.ckhiadq.mongodb.net:27017', tagSet=TagSet{[Tag{name='availabilityZone', value='asia-south1-a'}, Tag{name='diskState', value='READY'}, Tag{name='nodeType', value='ELECTABLE'}, Tag{name='provider', value='GCP'}, Tag{name='region', value='ASIA_SOUTH_1'}, Tag{name='workloadType', value='OPERATIONAL'}]}, electionId=null, setVersion=12, topologyVersion=TopologyVersion{processId=697249ddad30928335af8205, counter=4}, lastWriteDate=Thu Jan 22 23:54:49 IST 2026, lastUpdateTimeNanos=286579466954600}
2026-01-22 23:54:49,129 INFO  org.mongodb.driver.cluster - Monitor thread successfully connected to server with description ServerDescription{address=ac-mto6peo-shard-00-01.ckhiadq.mongodb.net:27017, type=REPLICA_SET_SECONDARY, cryptd=false, state=CONNECTED, ok=true, minWireVersion=0, maxWireVersion=25, maxDocumentSize=16777216, logicalSessionTimeoutMinutes=30, roundTripTimeNanos=1169971400, minRoundTripTimeNanos=0, setName='atlas-103mj8-shard-0', canonicalAddress=ac-mto6peo-shard-00-01.ckhiadq.mongodb.net:27017, hosts=[ac-mto6peo-shard-00-01.ckhiadq.mongodb.net:27017, ac-mto6peo-shard-00-02.ckhiadq.mongodb.net:27017, ac-mto6peo-shard-00-00.ckhiadq.mongodb.net:27017], passives=[], arbiters=[], primary='ac-mto6peo-shard-00-02.ckhiadq.mongodb.net:27017', tagSet=TagSet{[Tag{name='availabilityZone', value='asia-south1-b'}, Tag{name='diskState', value='READY'}, Tag{name='nodeType', value='ELECTABLE'}, Tag{name='provider', value='GCP'}, Tag{name='region', value='ASIA_SOUTH_1'}, Tag{name='workloadType', value='OPERATIONAL'}]}, electionId=null, setVersion=12, topologyVersion=TopologyVersion{processId=69724a3b09f36ebd13ad0bb4, counter=3}, lastWriteDate=Thu Jan 22 23:54:49 IST 2026, lastUpdateTimeNanos=286579472521000}
2026-01-22 23:54:49,134 INFO  org.mongodb.driver.cluster - Monitor thread successfully connected to server with description ServerDescription{address=ac-mto6peo-shard-00-02.ckhiadq.mongodb.net:27017, type=REPLICA_SET_PRIMARY, cryptd=false, state=CONNECTED, ok=true, minWireVersion=0, maxWireVersion=25, maxDocumentSize=16777216, logicalSessionTimeoutMinutes=30, roundTripTimeNanos=1166929000, minRoundTripTimeNanos=0, setName='atlas-103mj8-shard-0', canonicalAddress=ac-mto6peo-shard-00-02.ckhiadq.mongodb.net:27017, hosts=[ac-mto6peo-shard-00-01.ckhiadq.mongodb.net:27017, ac-mto6peo-shard-00-02.ckhiadq.mongodb.net:27017, ac-mto6peo-shard-00-00.ckhiadq.mongodb.net:27017], passives=[], arbiters=[], primary='ac-mto6peo-shard-00-02.ckhiadq.mongodb.net:27017', tagSet=TagSet{[Tag{name='availabilityZone', value='asia-south1-c'}, Tag{name='diskState', value='READY'}, Tag{name='nodeType', value='ELECTABLE'}, Tag{name='provider', value='GCP'}, Tag{name='region', value='ASIA_SOUTH_1'}, Tag{name='workloadType', value='OPERATIONAL'}]}, electionId=7fffffff00000000000000ea, setVersion=12, topologyVersion=TopologyVersion{processId=69724a0bac642f507a7b6e7d, counter=6}, lastWriteDate=Thu Jan 22 23:54:49 IST 2026, lastUpdateTimeNanos=286579469475200}
2026-01-22 23:54:49,145 INFO  org.mongodb.driver.cluster - Discovered replica set primary ac-mto6peo-shard-00-02.ckhiadq.mongodb.net:27017 with max election id 7fffffff00000000000000ea and max set version 12
2026-01-22 23:54:52,723 INFO  org.springframework.security.config.annotation.authentication.configuration.InitializeUserDetailsBeanManagerConfigurer$InitializeUserDetailsManagerConfigurer - Global AuthenticationManager configured with UserDetailsService bean with name userDetailServicImp
2026-01-22 23:54:54,024 INFO  org.apache.coyote.http11.Http11NioProtocol - Starting ProtocolHandler ["http-nio-8080"]
2026-01-22 23:54:54,050 INFO  org.springframework.boot.web.embedded.tomcat.TomcatWebServer - Tomcat started on port 8080 (http) with context path '/'
2026-01-22 23:54:54,080 INFO  com.example.level2.JournalApplication - Started JournalApplication in 14.704 seconds (process running for 16.755)
2026-01-22 23:55:00,061 INFO  org.apache.catalina.core.ContainerBase.[Tomcat].[localhost].[/] - Initializing Spring DispatcherServlet 'dispatcherServlet'
2026-01-22 23:55:00,061 INFO  org.springframework.web.servlet.DispatcherServlet - Initializing Servlet 'dispatcherServlet'
2026-01-22 23:55:00,064 INFO  org.springframework.web.servlet.DispatcherServlet - Completed initialization in 3 ms
2026-01-22 23:55:04,000 ERROR org.apache.catalina.core.ContainerBase.[Tomcat].[localhost].[/].[dispatcherServlet] - Servlet.service() for servlet [dispatcherServlet] in context with path [] threw exception [Request processing failed: org.springframework.data.redis.RedisConnectionFailureException: Unable to connect to Redis] with root cause
java.net.ConnectException: Connection refused: getsockopt
	at java.base/sun.nio.ch.Net.pollConnect(Native Method)
	at java.base/sun.nio.ch.Net.pollConnectNow(Net.java:639)
	at java.base/sun.nio.ch.SocketChannelImpl.finishConnect(SocketChannelImpl.java:1046)
	at io.netty.channel.socket.nio.NioSocketChannel.doFinishConnect(NioSocketChannel.java:336)
	at io.netty.channel.nio.AbstractNioChannel$AbstractNioUnsafe.finishConnect(AbstractNioChannel.java:339)
	at io.netty.channel.nio.NioEventLoop.processSelectedKey(NioEventLoop.java:784)
	at io.netty.channel.nio.NioEventLoop.processSelectedKeysOptimized(NioEventLoop.java:732)
	at io.netty.channel.nio.NioEventLoop.processSelectedKeys(NioEventLoop.java:658)
	at io.netty.channel.nio.NioEventLoop.run(NioEventLoop.java:562)
	at io.netty.util.concurrent.SingleThreadEventExecutor$4.run(SingleThreadEventExecutor.java:998)
	at io.netty.util.internal.ThreadExecutorMap$2.run(ThreadExecutorMap.java:74)
	at io.netty.util.concurrent.FastThreadLocalRunnable.run(FastThreadLocalRunnable.java:30)
	at java.base/java.lang.Thread.run(Thread.java:1474)
2026-01-22 23:56:04,690 INFO  org.springframework.boot.web.embedded.tomcat.GracefulShutdown - Commencing graceful shutdown. Waiting for active requests to complete
2026-01-22 23:56:04,722 INFO  org.springframework.boot.web.embedded.tomcat.GracefulShutdown - Graceful shutdown complete
2026-01-22 23:56:20,476 INFO  org.hibernate.validator.internal.util.Version - HV000001: Hibernate Validator 8.0.3.Final
2026-01-22 23:56:20,631 INFO  com.example.level2.JournalApplication - Starting JournalApplication using Java 25 with PID 14196 (C:\Users\ABHISHEK KUMAR\Downloads\level2\Level2\target\classes started by ABHISHEK KUMAR in C:\Users\ABHISHEK KUMAR\Downloads\level2)
2026-01-22 23:56:20,633 INFO  com.example.level2.JournalApplication - No active profile set, falling back to 1 default profile: "default"
2026-01-22 23:56:23,347 INFO  org.springframework.data.repository.config.RepositoryConfigurationDelegate - Multiple Spring Data modules found, entering strict repository configuration mode
2026-01-22 23:56:23,350 INFO  org.springframework.data.repository.config.RepositoryConfigurationDelegate - Bootstrapping Spring Data MongoDB repositories in DEFAULT mode.
2026-01-22 23:56:23,748 INFO  org.springframework.data.repository.config.RepositoryConfigurationDelegate - Finished Spring Data repository scanning in 385 ms. Found 2 MongoDB repository interfaces.
2026-01-22 23:56:23,799 INFO  org.springframework.data.repository.config.RepositoryConfigurationDelegate - Multiple Spring Data modules found, entering strict repository configuration mode
2026-01-22 23:56:23,802 INFO  org.springframework.data.repository.config.RepositoryConfigurationDelegate - Bootstrapping Spring Data Redis repositories in DEFAULT mode.
2026-01-22 23:56:23,845 INFO  org.springframework.data.repository.config.RepositoryConfigurationExtensionSupport - Spring Data Redis - Could not safely identify store assignment for repository candidate interface com.example.level2.repository.JournalRepo; If you want this repository to be a Redis repository, consider annotating your entities with one of these annotations: org.springframework.data.redis.core.RedisHash (preferred), or consider extending one of the following types with your repository: org.springframework.data.keyvalue.repository.KeyValueRepository
2026-01-22 23:56:23,845 INFO  org.springframework.data.repository.config.RepositoryConfigurationExtensionSupport - Spring Data Redis - Could not safely identify store assignment for repository candidate interface com.example.level2.repository.UserRepo; If you want this repository to be a Redis repository, consider annotating your entities with one of these annotations: org.springframework.data.redis.core.RedisHash (preferred), or consider extending one of the following types with your repository: org.springframework.data.keyvalue.repository.KeyValueRepository
2026-01-22 23:56:23,846 INFO  org.springframework.data.repository.config.RepositoryConfigurationDelegate - Finished Spring Data repository scanning in 23 ms. Found 0 Redis repository interfaces.
2026-01-22 23:56:25,341 INFO  org.springframework.boot.web.embedded.tomcat.TomcatWebServer - Tomcat initialized with port 8080 (http)
2026-01-22 23:56:25,424 INFO  org.apache.coyote.http11.Http11NioProtocol - Initializing ProtocolHandler ["http-nio-8080"]
2026-01-22 23:56:25,435 INFO  org.apache.catalina.core.StandardService - Starting service [Tomcat]
2026-01-22 23:56:25,436 INFO  org.apache.catalina.core.StandardEngine - Starting Servlet engine: [Apache Tomcat/10.1.49]
2026-01-22 23:56:25,673 INFO  org.apache.catalina.core.ContainerBase.[Tomcat].[localhost].[/] - Initializing Spring embedded WebApplicationContext
2026-01-22 23:56:25,676 INFO  org.springframework.boot.web.servlet.context.ServletWebServerApplicationContext - Root WebApplicationContext: initialization completed in 4861 ms
2026-01-22 23:56:26,887 INFO  org.mongodb.driver.cluster - Adding discovered server ac-mto6peo-shard-00-01.ckhiadq.mongodb.net:27017 to client view of cluster
2026-01-22 23:56:27,029 INFO  org.mongodb.driver.client - MongoClient with metadata {"application": {"name": "Journal"}, "driver": {"name": "mongo-java-driver|sync|spring-boot", "version": "5.5.2"}, "os": {"type": "Windows", "name": "Windows 11", "architecture": "amd64", "version": "10.0"}, "platform": "Java/Eclipse Adoptium/25+36-LTS"} created with settings MongoClientSettings{readPreference=primary, writeConcern=WriteConcern{w=null, wTimeout=null ms, journal=null}, retryWrites=true, retryReads=true, readConcern=ReadConcern{level=null}, credential=MongoCredential{mechanism=null, userName='admin', source='admin', password=<hidden>, mechanismProperties=<hidden>}, transportSettings=null, commandListeners=[], codecRegistry=ProvidersCodecRegistry{codecProviders=[ValueCodecProvider{}, BsonValueCodecProvider{}, DBRefCodecProvider{}, DBObjectCodecProvider{}, DocumentCodecProvider{}, CollectionCodecProvider{}, IterableCodecProvider{}, MapCodecProvider{}, GeoJsonCodecProvider{}, GridFSFileCodecProvider{}, Jsr310CodecProvider{}, JsonObjectCodecProvider{}, BsonCodecProvider{}, EnumCodecProvider{}, com.mongodb.client.model.mql.ExpressionCodecProvider@37ca3ca8, com.mongodb.Jep395RecordCodecProvider@191ec193, com.mongodb.KotlinCodecProvider@6321a5aa]}, loggerSettings=LoggerSettings{maxDocumentLength=1000}, clusterSettings={hosts=[127.0.0.1:27017], srvHost=journal.ckhiadq.mongodb.net, srvServiceName=mongodb, mode=MULTIPLE, requiredClusterType=REPLICA_SET, requiredReplicaSetName='atlas-103mj8-shard-0', serverSelector='null', clusterListeners='[]', serverSelectionTimeout='30000 ms', localThreshold='15 ms'}, socketSettings=SocketSettings{connectTimeoutMS=10000, readTimeoutMS=0, receiveBufferSize=0, proxySettings=ProxySettings{host=null, port=null, username=null, password=null}}, heartbeatSocketSettings=SocketSettings{connectTimeoutMS=10000, readTimeoutMS=10000, receiveBufferSize=0, proxySettings=ProxySettings{host=null, port=null, username=null, password=null}}, connectionPoolSettings=ConnectionPoolSettings{maxSize=100, minSize=0, maxWaitTimeMS=120000, maxConnectionLifeTimeMS=0, maxConnectionIdleTimeMS=0, maintenanceInitialDelayMS=0, maintenanceFrequencyMS=60000, connectionPoolListeners=[], maxConnecting=2}, serverSettings=ServerSettings{heartbeatFrequencyMS=10000, minHeartbeatFrequencyMS=500, serverMonitoringMode=AUTO, serverListeners='[]', serverMonitorListeners='[]'}, sslSettings=SslSettings{enabled=true, invalidHostNameAllowed=false, context=null}, applicationName='Journal', compressorList=[], uuidRepresentation=JAVA_LEGACY, serverApi=null, autoEncryptionSettings=null, dnsClient=null, inetAddressResolver=null, contextProvider=null, timeoutMS=null}
2026-01-22 23:56:27,068 INFO  org.mongodb.driver.cluster - Adding discovered server ac-mto6peo-shard-00-02.ckhiadq.mongodb.net:27017 to client view of cluster
2026-01-22 23:56:27,082 INFO  org.mongodb.driver.cluster - Adding discovered server ac-mto6peo-shard-00-00.ckhiadq.mongodb.net:27017 to client view of cluster
2026-01-22 23:56:29,285 INFO  org.mongodb.driver.cluster - Waiting for server to become available for operation with ID 5. Remaining time: 29946 ms. Selector: WritableServerSelector, topology description: {type=REPLICA_SET, servers=[{address=ac-mto6peo-shard-00-01.ckhiadq.mongodb.net:27017, type=UNKNOWN, state=CONNECTING}, {address=ac-mto6peo-shard-00-02.ckhiadq.mongodb.net:27017, type=UNKNOWN, state=CONNECTING}, {address=ac-mto6peo-shard-00-00.ckhiadq.mongodb.net:27017, type=UNKNOWN, state=CONNECTING}].
2026-01-22 23:56:29,686 INFO  org.mongodb.driver.cluster - Monitor thread successfully connected to server with description ServerDescription{address=ac-mto6peo-shard-00-00.ckhiadq.mongodb.net:27017, type=REPLICA_SET_SECONDARY, cryptd=false, state=CONNECTED, ok=true, minWireVersion=0, maxWireVersion=25, maxDocumentSize=16777216, logicalSessionTimeoutMinutes=30, roundTripTimeNanos=1131649700, minRoundTripTimeNanos=0, setName='atlas-103mj8-shard-0', canonicalAddress=ac-mto6peo-shard-00-00.ckhiadq.mongodb.net:27017, hosts=[ac-mto6peo-shard-00-01.ckhiadq.mongodb.net:27017, ac-mto6peo-shard-00-02.ckhiadq.mongodb.net:27017, ac-mto6peo-shard-00-00.ckhiadq.mongodb.net:27017], passives=[], arbiters=[], primary='ac-mto6peo-shard-00-02.ckhiadq.mongodb.net:27017', tagSet=TagSet{[Tag{name='availabilityZone', value='asia-south1-a'}, Tag{name='diskState', value='READY'}, Tag{name='nodeType', value='ELECTABLE'}, Tag{name='provider', value='GCP'}, Tag{name='region', value='ASIA_SOUTH_1'}, Tag{name='workloadType', value='OPERATIONAL'}]}, electionId=null, setVersion=12, topologyVersion=TopologyVersion{processId=697249ddad30928335af8205, counter=4}, lastWriteDate=Thu Jan 22 23:56:29 IST 2026, lastUpdateTimeNanos=286680017763500}
2026-01-22 23:56:29,689 INFO  org.mongodb.driver.cluster - Monitor thread successfully connected to server with description ServerDescription{address=ac-mto6peo-shard-00-01.ckhiadq.mongodb.net:27017, type=REPLICA_SET_SECONDARY, cryptd=false, state=CONNECTED, ok=true, minWireVersion=0, maxWireVersion=25, maxDocumentSize=16777216, logicalSessionTimeoutMinutes=30, roundTripTimeNanos=1131680200, minRoundTripTimeNanos=0, setName='atlas-103mj8-shard-0', canonicalAddress=ac-mto6peo-shard-00-01.ckhiadq.mongodb.net:27017, hosts=[ac-mto6peo-shard-00-01.ckhiadq.mongodb.net:27017, ac-mto6peo-shard-00-02.ckhiadq.mongodb.net:27017, ac-mto6peo-shard-00-00.ckhiadq.mongodb.net:27017], passives=[], arbiters=[], primary='ac-mto6peo-shard-00-02.ckhiadq.mongodb.net:27017', tagSet=TagSet{[Tag{name='availabilityZone', value='asia-south1-b'}, Tag{name='diskState', value='READY'}, Tag{name='nodeType', value='ELECTABLE'}, Tag{name='provider', value='GCP'}, Tag{name='region', value='ASIA_SOUTH_1'}, Tag{name='workloadType', value='OPERATIONAL'}]}, electionId=null, setVersion=12, topologyVersion=TopologyVersion{processId=69724a3b09f36ebd13ad0bb4, counter=3}, lastWriteDate=Thu Jan 22 23:56:29 IST 2026, lastUpdateTimeNanos=286680017766800}
2026-01-22 23:56:29,695 INFO  org.mongodb.driver.cluster - Monitor thread successfully connected to server with description ServerDescription{address=ac-mto6peo-shard-00-02.ckhiadq.mongodb.net:27017, type=REPLICA_SET_PRIMARY, cryptd=false, state=CONNECTED, ok=true, minWireVersion=0, maxWireVersion=25, maxDocumentSize=16777216, logicalSessionTimeoutMinutes=30, roundTripTimeNanos=1133561200, minRoundTripTimeNanos=0, setName='atlas-103mj8-shard-0', canonicalAddress=ac-mto6peo-shard-00-02.ckhiadq.mongodb.net:27017, hosts=[ac-mto6peo-shard-00-01.ckhiadq.mongodb.net:27017, ac-mto6peo-shard-00-02.ckhiadq.mongodb.net:27017, ac-mto6peo-shard-00-00.ckhiadq.mongodb.net:27017], passives=[], arbiters=[], primary='ac-mto6peo-shard-00-02.ckhiadq.mongodb.net:27017', tagSet=TagSet{[Tag{name='availabilityZone', value='asia-south1-c'}, Tag{name='diskState', value='READY'}, Tag{name='nodeType', value='ELECTABLE'}, Tag{name='provider', value='GCP'}, Tag{name='region', value='ASIA_SOUTH_1'}, Tag{name='workloadType', value='OPERATIONAL'}]}, electionId=7fffffff00000000000000ea, setVersion=12, topologyVersion=TopologyVersion{processId=69724a0bac642f507a7b6e7d, counter=6}, lastWriteDate=Thu Jan 22 23:56:29 IST 2026, lastUpdateTimeNanos=286680019644900}
2026-01-22 23:56:29,708 INFO  org.mongodb.driver.cluster - Discovered replica set primary ac-mto6peo-shard-00-02.ckhiadq.mongodb.net:27017 with max election id 7fffffff00000000000000ea and max set version 12
2026-01-22 23:56:33,934 INFO  org.springframework.security.config.annotation.authentication.configuration.InitializeUserDetailsBeanManagerConfigurer$InitializeUserDetailsManagerConfigurer - Global AuthenticationManager configured with UserDetailsService bean with name userDetailServicImp
2026-01-22 23:56:36,541 INFO  org.apache.coyote.http11.Http11NioProtocol - Starting ProtocolHandler ["http-nio-8080"]
2026-01-22 23:56:36,597 INFO  org.springframework.boot.web.embedded.tomcat.TomcatWebServer - Tomcat started on port 8080 (http) with context path '/'
2026-01-22 23:56:36,647 INFO  com.example.level2.JournalApplication - Started JournalApplication in 17.044 seconds (process running for 18.813)
2026-01-22 23:56:48,617 INFO  org.apache.catalina.core.ContainerBase.[Tomcat].[localhost].[/] - Initializing Spring DispatcherServlet 'dispatcherServlet'
2026-01-22 23:56:48,618 INFO  org.springframework.web.servlet.DispatcherServlet - Initializing Servlet 'dispatcherServlet'
2026-01-22 23:56:48,622 INFO  org.springframework.web.servlet.DispatcherServlet - Completed initialization in 4 ms
2026-01-22 23:56:51,237 ERROR org.apache.catalina.core.ContainerBase.[Tomcat].[localhost].[/].[dispatcherServlet] - Servlet.service() for servlet [dispatcherServlet] in context with path [] threw exception [Request processing failed: org.springframework.data.redis.RedisConnectionFailureException: Unable to connect to Redis] with root cause
java.net.ConnectException: Connection refused: getsockopt
	at java.base/sun.nio.ch.Net.pollConnect(Native Method)
	at java.base/sun.nio.ch.Net.pollConnectNow(Net.java:639)
	at java.base/sun.nio.ch.SocketChannelImpl.finishConnect(SocketChannelImpl.java:1046)
	at io.netty.channel.socket.nio.NioSocketChannel.doFinishConnect(NioSocketChannel.java:336)
	at io.netty.channel.nio.AbstractNioChannel$AbstractNioUnsafe.finishConnect(AbstractNioChannel.java:339)
	at io.netty.channel.nio.NioEventLoop.processSelectedKey(NioEventLoop.java:784)
	at io.netty.channel.nio.NioEventLoop.processSelectedKeysOptimized(NioEventLoop.java:732)
	at io.netty.channel.nio.NioEventLoop.processSelectedKeys(NioEventLoop.java:658)
	at io.netty.channel.nio.NioEventLoop.run(NioEventLoop.java:562)
	at io.netty.util.concurrent.SingleThreadEventExecutor$4.run(SingleThreadEventExecutor.java:998)
	at io.netty.util.internal.ThreadExecutorMap$2.run(ThreadExecutorMap.java:74)
	at io.netty.util.concurrent.FastThreadLocalRunnable.run(FastThreadLocalRunnable.java:30)
	at java.base/java.lang.Thread.run(Thread.java:1474)
